{"message":"::1 - - [06/Dec/2020:12:25:22 +0000] \"GET / HTTP/1.1\" 200 5521 \"-\" \"Mozilla/5.0 (Windows NT 10.0; Win64; x64) AppleWebKit/537.36 (KHTML, like Gecko) Chrome/86.0.4240.198 Safari/537.36\"\n","level":"info"}
{"message":"::ffff:127.0.0.1 - - [06/Dec/2020:12:25:22 +0000] \"POST /api/login HTTP/1.1\" - - \"http://localhost:3000/login\" \"Mozilla/5.0 (Windows NT 10.0; Win64; x64) AppleWebKit/537.36 (KHTML, like Gecko) Chrome/86.0.4240.198 Safari/537.36\"\n","level":"info"}
{"message":"::1 - - [06/Dec/2020:12:25:22 +0000] \"GET /static/css/main.ce095604.chunk.css HTTP/1.1\" 200 164915 \"http://localhost:7777/\" \"Mozilla/5.0 (Windows NT 10.0; Win64; x64) AppleWebKit/537.36 (KHTML, like Gecko) Chrome/86.0.4240.198 Safari/537.36\"\n","level":"info"}
{"message":"::1 - - [06/Dec/2020:12:25:22 +0000] \"GET /static/js/main.2557e77d.chunk.js HTTP/1.1\" 200 23081 \"http://localhost:7777/\" \"Mozilla/5.0 (Windows NT 10.0; Win64; x64) AppleWebKit/537.36 (KHTML, like Gecko) Chrome/86.0.4240.198 Safari/537.36\"\n","level":"info"}
{"message":"::1 - - [06/Dec/2020:12:25:22 +0000] \"GET /static/js/3.bf3d7d2e.chunk.js HTTP/1.1\" 200 287824 \"http://localhost:7777/\" \"Mozilla/5.0 (Windows NT 10.0; Win64; x64) AppleWebKit/537.36 (KHTML, like Gecko) Chrome/86.0.4240.198 Safari/537.36\"\n","level":"info"}
{"message":"::1 - - [06/Dec/2020:12:25:23 +0000] \"GET /static/js/main.2557e77d.chunk.js.map HTTP/1.1\" 200 75448 \"-\" \"Mozilla/5.0 (Windows NT 10.0; Win64; x64) AppleWebKit/537.36 (KHTML, like Gecko) Chrome/86.0.4240.198 Safari/537.36\"\n","level":"info"}
{"message":"::1 - - [06/Dec/2020:12:25:23 +0000] \"GET /static/css/main.ce095604.chunk.css.map HTTP/1.1\" 200 757902 \"-\" \"Mozilla/5.0 (Windows NT 10.0; Win64; x64) AppleWebKit/537.36 (KHTML, like Gecko) Chrome/86.0.4240.198 Safari/537.36\"\n","level":"info"}
{"message":"::1 - - [06/Dec/2020:12:25:23 +0000] \"GET /static/js/3.bf3d7d2e.chunk.js.map HTTP/1.1\" 200 3041466 \"-\" \"Mozilla/5.0 (Windows NT 10.0; Win64; x64) AppleWebKit/537.36 (KHTML, like Gecko) Chrome/86.0.4240.198 Safari/537.36\"\n","level":"info"}
{"message":"::1 - - [06/Dec/2020:12:25:23 +0000] \"GET /static/media/logo_200.4f851302.png HTTP/1.1\" 200 51351 \"http://localhost:7777/login\" \"Mozilla/5.0 (Windows NT 10.0; Win64; x64) AppleWebKit/537.36 (KHTML, like Gecko) Chrome/86.0.4240.198 Safari/537.36\"\n","level":"info"}
{"message":"::1 - - [06/Dec/2020:12:25:23 +0000] \"GET /manifest.json HTTP/1.1\" 200 1120 \"http://localhost:7777/login\" \"Mozilla/5.0 (Windows NT 10.0; Win64; x64) AppleWebKit/537.36 (KHTML, like Gecko) Chrome/86.0.4240.198 Safari/537.36\"\n","level":"info"}
{"message":"::1 - - [06/Dec/2020:12:25:23 +0000] \"GET /favicon.ico HTTP/1.1\" 200 51351 \"http://localhost:7777/login\" \"Mozilla/5.0 (Windows NT 10.0; Win64; x64) AppleWebKit/537.36 (KHTML, like Gecko) Chrome/86.0.4240.198 Safari/537.36\"\n","level":"info"}
{"message":"::1 - - [06/Dec/2020:12:25:23 +0000] \"GET /android-icon-144x144.png HTTP/1.1\" 200 51351 \"http://localhost:7777/login\" \"Mozilla/5.0 (Windows NT 10.0; Win64; x64) AppleWebKit/537.36 (KHTML, like Gecko) Chrome/86.0.4240.198 Safari/537.36\"\n","level":"info"}
{"message":"::1 - - [06/Dec/2020:12:25:23 +0000] \"GET /favicon-32x32.png HTTP/1.1\" 200 51351 \"http://localhost:7777/login\" \"Mozilla/5.0 (Windows NT 10.0; Win64; x64) AppleWebKit/537.36 (KHTML, like Gecko) Chrome/86.0.4240.198 Safari/537.36\"\n","level":"info"}
{"message":"::1 - - [06/Dec/2020:12:25:23 +0000] \"GET /favicon-16x16.png HTTP/1.1\" 200 51351 \"http://localhost:7777/login\" \"Mozilla/5.0 (Windows NT 10.0; Win64; x64) AppleWebKit/537.36 (KHTML, like Gecko) Chrome/86.0.4240.198 Safari/537.36\"\n","level":"info"}
{"message":"::1 - - [06/Dec/2020:12:25:23 +0000] \"GET /favicon-96x96.png HTTP/1.1\" 200 51351 \"http://localhost:7777/login\" \"Mozilla/5.0 (Windows NT 10.0; Win64; x64) AppleWebKit/537.36 (KHTML, like Gecko) Chrome/86.0.4240.198 Safari/537.36\"\n","level":"info"}
{"message":"::1 - - [06/Dec/2020:12:25:24 +0000] \"GET /android-icon-192x192.png HTTP/1.1\" 200 51351 \"http://localhost:7777/login\" \"Mozilla/5.0 (Windows NT 10.0; Win64; x64) AppleWebKit/537.36 (KHTML, like Gecko) Chrome/86.0.4240.198 Safari/537.36\"\n","level":"info"}
{"message":"::1 - - [06/Dec/2020:12:26:30 +0000] \"GET /login HTTP/1.1\" 200 5521 \"-\" \"Mozilla/5.0 (Windows NT 10.0; Win64; x64) AppleWebKit/537.36 (KHTML, like Gecko) Chrome/86.0.4240.198 Safari/537.36\"\n","level":"info"}
{"message":"::1 - - [06/Dec/2020:12:26:30 +0000] \"POST /api/login HTTP/1.1\" - - \"http://localhost:7777/login\" \"Mozilla/5.0 (Windows NT 10.0; Win64; x64) AppleWebKit/537.36 (KHTML, like Gecko) Chrome/86.0.4240.198 Safari/537.36\"\n","level":"info"}
{"message":"::1 - - [06/Dec/2020:12:26:30 +0000] \"GET /static/css/main.ce095604.chunk.css HTTP/1.1\" 304 - \"http://localhost:7777/login\" \"Mozilla/5.0 (Windows NT 10.0; Win64; x64) AppleWebKit/537.36 (KHTML, like Gecko) Chrome/86.0.4240.198 Safari/537.36\"\n","level":"info"}
{"message":"::1 - - [06/Dec/2020:12:26:30 +0000] \"GET /static/js/main.2557e77d.chunk.js HTTP/1.1\" 304 - \"http://localhost:7777/login\" \"Mozilla/5.0 (Windows NT 10.0; Win64; x64) AppleWebKit/537.36 (KHTML, like Gecko) Chrome/86.0.4240.198 Safari/537.36\"\n","level":"info"}
{"message":"::1 - - [06/Dec/2020:12:26:30 +0000] \"GET /static/js/3.bf3d7d2e.chunk.js HTTP/1.1\" 304 - \"http://localhost:7777/login\" \"Mozilla/5.0 (Windows NT 10.0; Win64; x64) AppleWebKit/537.36 (KHTML, like Gecko) Chrome/86.0.4240.198 Safari/537.36\"\n","level":"info"}
{"message":"::1 - - [06/Dec/2020:12:26:31 +0000] \"GET /static/js/3.bf3d7d2e.chunk.js.map HTTP/1.1\" 304 - \"-\" \"Mozilla/5.0 (Windows NT 10.0; Win64; x64) AppleWebKit/537.36 (KHTML, like Gecko) Chrome/86.0.4240.198 Safari/537.36\"\n","level":"info"}
{"message":"::1 - - [06/Dec/2020:12:26:31 +0000] \"GET /static/js/main.2557e77d.chunk.js.map HTTP/1.1\" 304 - \"-\" \"Mozilla/5.0 (Windows NT 10.0; Win64; x64) AppleWebKit/537.36 (KHTML, like Gecko) Chrome/86.0.4240.198 Safari/537.36\"\n","level":"info"}
{"message":"::1 - - [06/Dec/2020:12:26:31 +0000] \"GET /static/css/main.ce095604.chunk.css.map HTTP/1.1\" 304 - \"-\" \"Mozilla/5.0 (Windows NT 10.0; Win64; x64) AppleWebKit/537.36 (KHTML, like Gecko) Chrome/86.0.4240.198 Safari/537.36\"\n","level":"info"}
{"message":"::1 - - [06/Dec/2020:12:26:31 +0000] \"GET /static/media/logo_200.4f851302.png HTTP/1.1\" 304 - \"http://localhost:7777/login\" \"Mozilla/5.0 (Windows NT 10.0; Win64; x64) AppleWebKit/537.36 (KHTML, like Gecko) Chrome/86.0.4240.198 Safari/537.36\"\n","level":"info"}
{"message":"::1 - - [06/Dec/2020:12:26:31 +0000] \"GET /manifest.json HTTP/1.1\" 304 - \"http://localhost:7777/login\" \"Mozilla/5.0 (Windows NT 10.0; Win64; x64) AppleWebKit/537.36 (KHTML, like Gecko) Chrome/86.0.4240.198 Safari/537.36\"\n","level":"info"}
{"message":"::1 - - [06/Dec/2020:12:26:31 +0000] \"GET /favicon.ico HTTP/1.1\" 200 51351 \"http://localhost:7777/login\" \"Mozilla/5.0 (Windows NT 10.0; Win64; x64) AppleWebKit/537.36 (KHTML, like Gecko) Chrome/86.0.4240.198 Safari/537.36\"\n","level":"info"}
{"message":"::1 - - [06/Dec/2020:12:26:31 +0000] \"GET /android-icon-144x144.png HTTP/1.1\" 304 - \"http://localhost:7777/login\" \"Mozilla/5.0 (Windows NT 10.0; Win64; x64) AppleWebKit/537.36 (KHTML, like Gecko) Chrome/86.0.4240.198 Safari/537.36\"\n","level":"info"}
{"message":"::1 - - [06/Dec/2020:12:26:31 +0000] \"GET /favicon-32x32.png HTTP/1.1\" 304 - \"http://localhost:7777/login\" \"Mozilla/5.0 (Windows NT 10.0; Win64; x64) AppleWebKit/537.36 (KHTML, like Gecko) Chrome/86.0.4240.198 Safari/537.36\"\n","level":"info"}
{"message":"::1 - - [06/Dec/2020:12:26:31 +0000] \"GET /favicon-16x16.png HTTP/1.1\" 304 - \"http://localhost:7777/login\" \"Mozilla/5.0 (Windows NT 10.0; Win64; x64) AppleWebKit/537.36 (KHTML, like Gecko) Chrome/86.0.4240.198 Safari/537.36\"\n","level":"info"}
{"message":"::1 - - [06/Dec/2020:12:26:31 +0000] \"GET /favicon-96x96.png HTTP/1.1\" 304 - \"http://localhost:7777/login\" \"Mozilla/5.0 (Windows NT 10.0; Win64; x64) AppleWebKit/537.36 (KHTML, like Gecko) Chrome/86.0.4240.198 Safari/537.36\"\n","level":"info"}
{"message":"::1 - - [06/Dec/2020:12:26:31 +0000] \"GET /android-icon-192x192.png HTTP/1.1\" 304 - \"http://localhost:7777/login\" \"Mozilla/5.0 (Windows NT 10.0; Win64; x64) AppleWebKit/537.36 (KHTML, like Gecko) Chrome/86.0.4240.198 Safari/537.36\"\n","level":"info"}
{"message":"::1 - - [06/Dec/2020:12:28:13 +0000] \"GET /login HTTP/1.1\" 200 5521 \"-\" \"Mozilla/5.0 (Windows NT 10.0; Win64; x64) AppleWebKit/537.36 (KHTML, like Gecko) Chrome/86.0.4240.198 Safari/537.36\"\n","level":"info"}
{"message":"::1 - - [06/Dec/2020:12:28:13 +0000] \"GET /static/js/3.bf3d7d2e.chunk.js HTTP/1.1\" 304 - \"http://localhost:7777/login\" \"Mozilla/5.0 (Windows NT 10.0; Win64; x64) AppleWebKit/537.36 (KHTML, like Gecko) Chrome/86.0.4240.198 Safari/537.36\"\n","level":"info"}
{"message":"::1 - - [06/Dec/2020:12:28:13 +0000] \"GET /static/css/main.ce095604.chunk.css HTTP/1.1\" 304 - \"http://localhost:7777/login\" \"Mozilla/5.0 (Windows NT 10.0; Win64; x64) AppleWebKit/537.36 (KHTML, like Gecko) Chrome/86.0.4240.198 Safari/537.36\"\n","level":"info"}
{"message":"::1 - - [06/Dec/2020:12:28:13 +0000] \"GET /static/js/main.2557e77d.chunk.js HTTP/1.1\" 304 - \"http://localhost:7777/login\" \"Mozilla/5.0 (Windows NT 10.0; Win64; x64) AppleWebKit/537.36 (KHTML, like Gecko) Chrome/86.0.4240.198 Safari/537.36\"\n","level":"info"}
{"message":"::1 - - [06/Dec/2020:12:28:13 +0000] \"GET /static/js/3.bf3d7d2e.chunk.js.map HTTP/1.1\" 304 - \"-\" \"Mozilla/5.0 (Windows NT 10.0; Win64; x64) AppleWebKit/537.36 (KHTML, like Gecko) Chrome/86.0.4240.198 Safari/537.36\"\n","level":"info"}
{"message":"::1 - - [06/Dec/2020:12:28:13 +0000] \"GET /static/js/main.2557e77d.chunk.js.map HTTP/1.1\" 304 - \"-\" \"Mozilla/5.0 (Windows NT 10.0; Win64; x64) AppleWebKit/537.36 (KHTML, like Gecko) Chrome/86.0.4240.198 Safari/537.36\"\n","level":"info"}
{"message":"::1 - - [06/Dec/2020:12:28:13 +0000] \"GET /static/css/main.ce095604.chunk.css.map HTTP/1.1\" 304 - \"-\" \"Mozilla/5.0 (Windows NT 10.0; Win64; x64) AppleWebKit/537.36 (KHTML, like Gecko) Chrome/86.0.4240.198 Safari/537.36\"\n","level":"info"}
{"message":"::1 - - [06/Dec/2020:12:28:13 +0000] \"GET /static/media/logo_200.4f851302.png HTTP/1.1\" 304 - \"http://localhost:7777/login\" \"Mozilla/5.0 (Windows NT 10.0; Win64; x64) AppleWebKit/537.36 (KHTML, like Gecko) Chrome/86.0.4240.198 Safari/537.36\"\n","level":"info"}
{"message":"::1 - - [06/Dec/2020:12:28:13 +0000] \"GET /manifest.json HTTP/1.1\" 304 - \"http://localhost:7777/login\" \"Mozilla/5.0 (Windows NT 10.0; Win64; x64) AppleWebKit/537.36 (KHTML, like Gecko) Chrome/86.0.4240.198 Safari/537.36\"\n","level":"info"}
{"message":"::1 - - [06/Dec/2020:12:28:13 +0000] \"GET /favicon.ico HTTP/1.1\" 200 51351 \"http://localhost:7777/login\" \"Mozilla/5.0 (Windows NT 10.0; Win64; x64) AppleWebKit/537.36 (KHTML, like Gecko) Chrome/86.0.4240.198 Safari/537.36\"\n","level":"info"}
{"message":"::1 - - [06/Dec/2020:12:28:13 +0000] \"GET /android-icon-144x144.png HTTP/1.1\" 304 - \"http://localhost:7777/login\" \"Mozilla/5.0 (Windows NT 10.0; Win64; x64) AppleWebKit/537.36 (KHTML, like Gecko) Chrome/86.0.4240.198 Safari/537.36\"\n","level":"info"}
{"message":"::1 - - [06/Dec/2020:12:28:13 +0000] \"GET /favicon-32x32.png HTTP/1.1\" 304 - \"http://localhost:7777/login\" \"Mozilla/5.0 (Windows NT 10.0; Win64; x64) AppleWebKit/537.36 (KHTML, like Gecko) Chrome/86.0.4240.198 Safari/537.36\"\n","level":"info"}
{"message":"::1 - - [06/Dec/2020:12:28:13 +0000] \"GET /favicon-16x16.png HTTP/1.1\" 304 - \"http://localhost:7777/login\" \"Mozilla/5.0 (Windows NT 10.0; Win64; x64) AppleWebKit/537.36 (KHTML, like Gecko) Chrome/86.0.4240.198 Safari/537.36\"\n","level":"info"}
{"message":"::1 - - [06/Dec/2020:12:28:13 +0000] \"GET /favicon-96x96.png HTTP/1.1\" 304 - \"http://localhost:7777/login\" \"Mozilla/5.0 (Windows NT 10.0; Win64; x64) AppleWebKit/537.36 (KHTML, like Gecko) Chrome/86.0.4240.198 Safari/537.36\"\n","level":"info"}
{"message":"::1 - - [06/Dec/2020:12:28:13 +0000] \"GET /android-icon-192x192.png HTTP/1.1\" 304 - \"http://localhost:7777/login\" \"Mozilla/5.0 (Windows NT 10.0; Win64; x64) AppleWebKit/537.36 (KHTML, like Gecko) Chrome/86.0.4240.198 Safari/537.36\"\n","level":"info"}
{"message":"::1 - - [06/Dec/2020:12:28:22 +0000] \"POST /api/login HTTP/1.1\" 401 31 \"http://localhost:7777/login\" \"Mozilla/5.0 (Windows NT 10.0; Win64; x64) AppleWebKit/537.36 (KHTML, like Gecko) Chrome/86.0.4240.198 Safari/537.36\"\n","level":"info"}
{"message":"::1 - - [06/Dec/2020:12:28:29 +0000] \"POST /api/login HTTP/1.1\" 200 556 \"http://localhost:7777/login\" \"Mozilla/5.0 (Windows NT 10.0; Win64; x64) AppleWebKit/537.36 (KHTML, like Gecko) Chrome/86.0.4240.198 Safari/537.36\"\n","level":"info"}
{"message":"::1 - - [06/Dec/2020:12:28:29 +0000] \"GET /static/js/40.671424f9.chunk.js HTTP/1.1\" 200 25970 \"http://localhost:7777/\" \"Mozilla/5.0 (Windows NT 10.0; Win64; x64) AppleWebKit/537.36 (KHTML, like Gecko) Chrome/86.0.4240.198 Safari/537.36\"\n","level":"info"}
{"message":"::1 - - [06/Dec/2020:12:28:30 +0000] \"GET /static/js/7.3a4d14a3.chunk.js HTTP/1.1\" 200 15196 \"http://localhost:7777/\" \"Mozilla/5.0 (Windows NT 10.0; Win64; x64) AppleWebKit/537.36 (KHTML, like Gecko) Chrome/86.0.4240.198 Safari/537.36\"\n","level":"info"}
{"message":"::1 - - [06/Dec/2020:12:28:30 +0000] \"GET /json/message HTTP/1.1\" 200 71 \"http://localhost:7777/\" \"Mozilla/5.0 (Windows NT 10.0; Win64; x64) AppleWebKit/537.36 (KHTML, like Gecko) Chrome/86.0.4240.198 Safari/537.36\"\n","level":"info"}
{"message":"::1 - - [06/Dec/2020:12:28:30 +0000] \"GET /static/js/7.3a4d14a3.chunk.js.map HTTP/1.1\" 200 54580 \"-\" \"Mozilla/5.0 (Windows NT 10.0; Win64; x64) AppleWebKit/537.36 (KHTML, like Gecko) Chrome/86.0.4240.198 Safari/537.36\"\n","level":"info"}
{"message":"::1 - - [06/Dec/2020:12:28:30 +0000] \"GET /static/js/40.671424f9.chunk.js.map HTTP/1.1\" 200 82847 \"-\" \"Mozilla/5.0 (Windows NT 10.0; Win64; x64) AppleWebKit/537.36 (KHTML, like Gecko) Chrome/86.0.4240.198 Safari/537.36\"\n","level":"info"}
{"message":"::1 - - [06/Dec/2020:12:28:30 +0000] \"GET /api/enjoy/0 HTTP/1.1\" 200 963 \"http://localhost:7777/\" \"Mozilla/5.0 (Windows NT 10.0; Win64; x64) AppleWebKit/537.36 (KHTML, like Gecko) Chrome/86.0.4240.198 Safari/537.36\"\n","level":"info"}
{"message":"::1 - - [06/Dec/2020:12:29:00 +0000] \"GET /static/js/41.a92dca85.chunk.js HTTP/1.1\" 200 7498 \"http://localhost:7777/my\" \"Mozilla/5.0 (Windows NT 10.0; Win64; x64) AppleWebKit/537.36 (KHTML, like Gecko) Chrome/86.0.4240.198 Safari/537.36\"\n","level":"info"}
{"message":"::1 - - [06/Dec/2020:12:29:00 +0000] \"GET /static/js/9.9e6f94f6.chunk.js HTTP/1.1\" 200 18495 \"http://localhost:7777/my\" \"Mozilla/5.0 (Windows NT 10.0; Win64; x64) AppleWebKit/537.36 (KHTML, like Gecko) Chrome/86.0.4240.198 Safari/537.36\"\n","level":"info"}
{"message":"::1 - - [06/Dec/2020:12:29:00 +0000] \"GET /static/js/41.a92dca85.chunk.js.map HTTP/1.1\" 200 20789 \"-\" \"Mozilla/5.0 (Windows NT 10.0; Win64; x64) AppleWebKit/537.36 (KHTML, like Gecko) Chrome/86.0.4240.198 Safari/537.36\"\n","level":"info"}
{"message":"::1 - - [06/Dec/2020:12:29:00 +0000] \"GET /static/js/9.9e6f94f6.chunk.js.map HTTP/1.1\" 200 77185 \"-\" \"Mozilla/5.0 (Windows NT 10.0; Win64; x64) AppleWebKit/537.36 (KHTML, like Gecko) Chrome/86.0.4240.198 Safari/537.36\"\n","level":"info"}
{"message":"::1 - - [06/Dec/2020:12:29:00 +0000] \"GET /api/budget HTTP/1.1\" 200 12 \"http://localhost:7777/my\" \"Mozilla/5.0 (Windows NT 10.0; Win64; x64) AppleWebKit/537.36 (KHTML, like Gecko) Chrome/86.0.4240.198 Safari/537.36\"\n","level":"info"}
{"message":"::1 - - [06/Dec/2020:12:29:00 +0000] \"GET /img/avatar.svg HTTP/1.1\" 200 13604 \"http://localhost:7777/my\" \"Mozilla/5.0 (Windows NT 10.0; Win64; x64) AppleWebKit/537.36 (KHTML, like Gecko) Chrome/86.0.4240.198 Safari/537.36\"\n","level":"info"}
{"message":"::1 - - [06/Dec/2020:12:29:15 +0000] \"GET /static/js/45.42079410.chunk.js HTTP/1.1\" 200 264 \"http://localhost:7777/logout\" \"Mozilla/5.0 (Windows NT 10.0; Win64; x64) AppleWebKit/537.36 (KHTML, like Gecko) Chrome/86.0.4240.198 Safari/537.36\"\n","level":"info"}
{"message":"::1 - - [06/Dec/2020:12:29:15 +0000] \"GET /static/js/45.42079410.chunk.js.map HTTP/1.1\" 200 793 \"-\" \"Mozilla/5.0 (Windows NT 10.0; Win64; x64) AppleWebKit/537.36 (KHTML, like Gecko) Chrome/86.0.4240.198 Safari/537.36\"\n","level":"info"}
{"message":"::1 - - [06/Dec/2020:12:29:27 +0000] \"POST /api/login HTTP/1.1\" 200 555 \"http://localhost:7777/login\" \"Mozilla/5.0 (Windows NT 10.0; Win64; x64) AppleWebKit/537.36 (KHTML, like Gecko) Chrome/86.0.4240.198 Safari/537.36\"\n","level":"info"}
{"message":"::1 - - [06/Dec/2020:12:29:27 +0000] \"GET /json/message HTTP/1.1\" 304 - \"http://localhost:7777/\" \"Mozilla/5.0 (Windows NT 10.0; Win64; x64) AppleWebKit/537.36 (KHTML, like Gecko) Chrome/86.0.4240.198 Safari/537.36\"\n","level":"info"}
{"message":"::1 - - [06/Dec/2020:12:29:27 +0000] \"GET /api/enjoy/0 HTTP/1.1\" 200 963 \"http://localhost:7777/\" \"Mozilla/5.0 (Windows NT 10.0; Win64; x64) AppleWebKit/537.36 (KHTML, like Gecko) Chrome/86.0.4240.198 Safari/537.36\"\n","level":"info"}
{"message":"::1 - - [06/Dec/2020:12:29:31 +0000] \"GET /img/avatar.svg HTTP/1.1\" 304 - \"http://localhost:7777/my\" \"Mozilla/5.0 (Windows NT 10.0; Win64; x64) AppleWebKit/537.36 (KHTML, like Gecko) Chrome/86.0.4240.198 Safari/537.36\"\n","level":"info"}
{"message":"::1 - - [06/Dec/2020:12:29:31 +0000] \"GET /api/budget HTTP/1.1\" 304 - \"http://localhost:7777/my\" \"Mozilla/5.0 (Windows NT 10.0; Win64; x64) AppleWebKit/537.36 (KHTML, like Gecko) Chrome/86.0.4240.198 Safari/537.36\"\n","level":"info"}
{"message":"::1 - - [08/Dec/2020:19:40:25 +0000] \"GET / HTTP/1.1\" 200 5521 \"-\" \"Mozilla/5.0 (Windows NT 10.0; Win64; x64) AppleWebKit/537.36 (KHTML, like Gecko) Chrome/86.0.4240.198 Safari/537.36\"\n","level":"info"}
{"message":"::1 - - [08/Dec/2020:19:40:28 +0000] \"GET /static/css/main.4cbe9038.chunk.css HTTP/1.1\" - - \"http://localhost:7777/\" \"Mozilla/5.0 (Windows NT 10.0; Win64; x64) AppleWebKit/537.36 (KHTML, like Gecko) Chrome/86.0.4240.198 Safari/537.36\"\n","level":"info"}
{"message":"::1 - - [08/Dec/2020:19:40:43 +0000] \"GET /static/css/main.4cbe9038.chunk.css HTTP/1.1\" 200 164915 \"http://localhost:7777/\" \"Mozilla/5.0 (Windows NT 10.0; Win64; x64) AppleWebKit/537.36 (KHTML, like Gecko) Chrome/86.0.4240.198 Safari/537.36\"\n","level":"info"}
{"message":"::1 - - [08/Dec/2020:19:40:43 +0000] \"GET /static/js/main.b35d7659.chunk.js HTTP/1.1\" 200 23081 \"http://localhost:7777/\" \"Mozilla/5.0 (Windows NT 10.0; Win64; x64) AppleWebKit/537.36 (KHTML, like Gecko) Chrome/86.0.4240.198 Safari/537.36\"\n","level":"info"}
{"message":"::1 - - [08/Dec/2020:19:40:43 +0000] \"GET /static/js/3.bf3d7d2e.chunk.js HTTP/1.1\" 200 287824 \"http://localhost:7777/\" \"Mozilla/5.0 (Windows NT 10.0; Win64; x64) AppleWebKit/537.36 (KHTML, like Gecko) Chrome/86.0.4240.198 Safari/537.36\"\n","level":"info"}
{"message":"::1 - - [08/Dec/2020:19:40:43 +0000] \"GET /static/js/7.3a4d14a3.chunk.js HTTP/1.1\" 200 15196 \"http://localhost:7777/\" \"Mozilla/5.0 (Windows NT 10.0; Win64; x64) AppleWebKit/537.36 (KHTML, like Gecko) Chrome/86.0.4240.198 Safari/537.36\"\n","level":"info"}
{"message":"::1 - - [08/Dec/2020:19:40:43 +0000] \"GET /static/js/40.e9021c21.chunk.js HTTP/1.1\" 200 25970 \"http://localhost:7777/\" \"Mozilla/5.0 (Windows NT 10.0; Win64; x64) AppleWebKit/537.36 (KHTML, like Gecko) Chrome/86.0.4240.198 Safari/537.36\"\n","level":"info"}
{"message":"::1 - - [08/Dec/2020:19:40:43 +0000] \"GET /api/enjoy/0 HTTP/1.1\" 401 8 \"http://localhost:7777/\" \"Mozilla/5.0 (Windows NT 10.0; Win64; x64) AppleWebKit/537.36 (KHTML, like Gecko) Chrome/86.0.4240.198 Safari/537.36\"\n","level":"info"}
{"message":"::1 - - [08/Dec/2020:19:40:43 +0000] \"GET /manifest.json HTTP/1.1\" 304 - \"http://localhost:7777/\" \"Mozilla/5.0 (Windows NT 10.0; Win64; x64) AppleWebKit/537.36 (KHTML, like Gecko) Chrome/86.0.4240.198 Safari/537.36\"\n","level":"info"}
{"message":"::1 - - [08/Dec/2020:19:40:43 +0000] \"GET /json/message HTTP/1.1\" 304 - \"http://localhost:7777/\" \"Mozilla/5.0 (Windows NT 10.0; Win64; x64) AppleWebKit/537.36 (KHTML, like Gecko) Chrome/86.0.4240.198 Safari/537.36\"\n","level":"info"}
{"message":"::1 - - [08/Dec/2020:19:40:44 +0000] \"GET /android-icon-144x144.png HTTP/1.1\" 200 283501 \"http://localhost:7777/login\" \"Mozilla/5.0 (Windows NT 10.0; Win64; x64) AppleWebKit/537.36 (KHTML, like Gecko) Chrome/86.0.4240.198 Safari/537.36\"\n","level":"info"}
{"message":"::1 - - [08/Dec/2020:19:40:44 +0000] \"GET /static/media/logo_200.4f851302.png HTTP/1.1\" 200 283501 \"http://localhost:7777/login\" \"Mozilla/5.0 (Windows NT 10.0; Win64; x64) AppleWebKit/537.36 (KHTML, like Gecko) Chrome/86.0.4240.198 Safari/537.36\"\n","level":"info"}
